<?xml version="1.0" encoding="UTF-8"?>
<!-- Generated by org.testng.reporters.JUnitReportReporter -->
<testsuite skipped="0" hostname="TimeToDial5" name="testCases.TC_VideoGameAPI" tests="5" failures="0" timestamp="2021-09-16T19:19:44 IST" time="4.235" errors="0">
  <testcase name="test_getAllVideoGames" time="2.611" classname="testCases.TC_VideoGameAPI"/>
  <system-out/>
  <testcase name="test_addNewVideoGame" time="0.516" classname="testCases.TC_VideoGameAPI"/>
  <system-out/>
  <testcase name="test_GetOneVideoGame" time="0.970" classname="testCases.TC_VideoGameAPI"/>
  <system-out/>
  <testcase name="test_UpdateVideoGame" time="0.104" classname="testCases.TC_VideoGameAPI"/>
  <system-out/>
  <testcase name="test_DeletVideoGame" time="0.034" classname="testCases.TC_VideoGameAPI"/>
  <system-out/>
</testsuite> <!-- testCases.TC_VideoGameAPI -->
